<?xml version="1.0" encoding="UTF-8"?>
<Site BuildName="(empty)"
	BuildStamp="20260703-1702-Experimental"
	Name="(empty)"
	Generator="ctest-3.22.1"
	CompilerName=""
	CompilerVersion=""
	OSName="Linux"
	Hostname="janus"
	OSRelease="5.15.0-177-generic"
	OSVersion="#187-Ubuntu SMP Sat Apr 11 22:54:33 UTC 2026"
	OSPlatform="x86_64"
	Is64Bits="1"
	VendorString="GenuineIntel"
	VendorID="Intel Corporation"
	FamilyID="6"
	ModelID="85"
	ProcessorCacheSize="25344"
	NumberOfLogicalCPU="32"
	NumberOfPhysicalCPU="16"
	TotalVirtualMemory="19071"
	TotalPhysicalMemory="515535"
	LogicalProcessorsPerPhysical="2"
	ProcessorClockFrequency="3496.39"
	>
	<Testing>
		<StartDateTime>Jul 03 12:02 CDT</StartDateTime>
		<StartTestTime>1783098161</StartTestTime>
		<TestList/>
		<EndDateTime>Jul 03 12:02 CDT</EndDateTime>
		<EndTestTime>1783098161</EndTestTime>
		<ElapsedMinutes>0</ElapsedMinutes>
	</Testing>
</Site>
